Using pre-set license
Built from '2020.3/staging' branch; Version is '2020.3.30f1 (1fb1bf06830e) revision 2077119'; Using compiler version '192528614'; Build Type 'Release'
OS: 'Windows 10  (10.0.19044) 64bit Professiona' Language: 'ru' Physical Memory: 8173 MB
BatchMode: 1, IsHumanControllingUs: 0, StartBugReporterOnCrash: 0, Is64bit: 1, IsPro: 0

COMMAND LINE ARGUMENTS:
C:\Program Files\Unity\Hub\Editor\2020.3.30f1\Editor\Unity.exe
-adb2
-batchMode
-noUpm
-name
AssetImportWorker0
-projectPath
C:/Users/artem/Desktop/Game
-logFile
Logs/AssetImportWorker0.log
-srvPort
64860
Successfully changed project path to: C:/Users/artem/Desktop/Game
C:/Users/artem/Desktop/Game
Using Asset Import Pipeline V2.
Refreshing native plugins compatible for Editor in 109.83 ms, found 2 plugins.
Preloading 0 native plugins for Editor in 0.00 ms.
Initialize engine version: 2020.3.30f1 (1fb1bf06830e)
[Subsystems] Discovering subsystems at path C:/Program Files/Unity/Hub/Editor/2020.3.30f1/Editor/Data/Resources/UnitySubsystems
[Subsystems] Discovering subsystems at path C:/Users/artem/Desktop/Game/Assets
GfxDevice: creating device client; threaded=0
Direct3D:
    Version:  Direct3D 11.0 [level 11.0]
    Renderer: NVIDIA GeForce GTX 650 (ID=0xfc6)
    Vendor:   
    VRAM:     984 MB
    Driver:   30.0.14.7212
Initialize mono
Mono path[0] = 'C:/Program Files/Unity/Hub/Editor/2020.3.30f1/Editor/Data/Managed'
Mono path[1] = 'C:/Program Files/Unity/Hub/Editor/2020.3.30f1/Editor/Data/MonoBleedingEdge/lib/mono/unityjit'
Mono config path = 'C:/Program Files/Unity/Hub/Editor/2020.3.30f1/Editor/Data/MonoBleedingEdge/etc'
Using monoOptions --debugger-agent=transport=dt_socket,embedding=1,server=y,suspend=n,address=127.0.0.1:56196
Begin MonoManager ReloadAssembly
Registering precompiled unity dll's ...
Register platform support module: C:/Program Files/Unity/Hub/Editor/2020.3.30f1/Editor/Data/PlaybackEngines/WebGLSupport/UnityEditor.WebGL.Extensions.dll
Register platform support module: C:/Program Files/Unity/Hub/Editor/2020.3.30f1/Editor/Data/PlaybackEngines/WindowsStandaloneSupport/UnityEditor.WindowsStandalone.Extensions.dll
Registered in 0.007850 seconds.
Native extension for WindowsStandalone target not found
Native extension for WebGL target not found
Refreshing native plugins compatible for Editor in 133.53 ms, found 2 plugins.
Preloading 0 native plugins for Editor in 0.00 ms.
Mono: successfully reloaded assembly
- Completed reload, in  1.197 seconds
Domain Reload Profiling:
	ReloadAssembly (1198ms)
		BeginReloadAssembly (233ms)
			ExecutionOrderSort (0ms)
			DisableScriptedObjects (0ms)
			BackupInstance (0ms)
			ReleaseScriptingObjects (0ms)
			CreateAndSetChildDomain (2ms)
		EndReloadAssembly (800ms)
			LoadAssemblies (229ms)
			RebuildTransferFunctionScriptingTraits (0ms)
			SetupTypeCache (234ms)
			ReleaseScriptCaches (0ms)
			RebuildScriptCaches (46ms)
			SetupLoadedEditorAssemblies (352ms)
				LogAssemblyErrors (0ms)
				InitializePlatformSupportModulesInManaged (6ms)
				SetLoadedEditorAssemblies (0ms)
				RefreshPlugins (134ms)
				BeforeProcessingInitializeOnLoad (23ms)
				ProcessInitializeOnLoadAttributes (142ms)
				ProcessInitializeOnLoadMethodAttributes (47ms)
				AfterProcessingInitializeOnLoad (0ms)
				EditorAssembliesLoaded (0ms)
			ExecutionOrderSort2 (0ms)
			AwakeInstancesAfterBackupRestoration (0ms)
Platform modules already initialized, skipping
Registering precompiled user dll's ...
Registered in 0.035041 seconds.
Begin MonoManager ReloadAssembly
Error: Could not load signature of MySql.Data.EntityFrameworkCore.Design.Metadata.Internal.MySQLColumnModelAnnotations:.ctor due to: Could not load file or assembly 'Microsoft.EntityFrameworkCore.Relational.Design, Version=1.1.6.0, Culture=neutral, PublicKeyToken=adb9793829ddae60' or one of its dependencies. assembly:Microsoft.EntityFrameworkCore.Relational.Design, Version=1.1.6.0, Culture=neutral, PublicKeyToken=adb9793829ddae60 type:<unknown type> member:(null) signature:<none>
Error: Could not load signature of MySql.Web.Security.MySqlWebSecurity:CreateSimpleRoleProvider due to: Could not load file or assembly 'WebMatrix.WebData, Version=3.0.0.0, Culture=neutral, PublicKeyToken=31bf3856ad364e35' or one of its dependencies. assembly:WebMatrix.WebData, Version=3.0.0.0, Culture=neutral, PublicKeyToken=31bf3856ad364e35 type:<unknown type> member:(null) signature:<none>
Error: Could not load signature of Microsoft.EntityFrameworkCore.MySQLDbContextOptionsExtensions:UseMySQL due to: Could not load file or assembly 'Microsoft.EntityFrameworkCore, Version=1.1.6.0, Culture=neutral, PublicKeyToken=adb9793829ddae60' or one of its dependencies. assembly:Microsoft.EntityFrameworkCore, Version=1.1.6.0, Culture=neutral, PublicKeyToken=adb9793829ddae60 type:<unknown type> member:(null) signature:<none>
Unloading broken assembly Assets/Plugins/v4.5.2/MySQL.Data.EntityFrameworkCore.Design.dll, this assembly can cause crashes in the runtime
Unloading broken assembly Assets/Plugins/v4.5.2/MySql.Web.dll, this assembly can cause crashes in the runtime
Unloading broken assembly Assets/Plugins/v4.5.2/MySQL.Data.EntityFrameworkCore.dll, this assembly can cause crashes in the runtime
Unloading broken assembly Assets/Plugins/v4.5.2/MySql.Data.EntityFramework.dll, this assembly can cause crashes in the runtime
Native extension for WindowsStandalone target not found
Native extension for WebGL target not found
Refreshing native plugins compatible for Editor in 1.17 ms, found 2 plugins.
Preloading 0 native plugins for Editor in 0.00 ms.
Mono: successfully reloaded assembly
- Completed reload, in  1.936 seconds
Domain Reload Profiling:
	ReloadAssembly (1937ms)
		BeginReloadAssembly (227ms)
			ExecutionOrderSort (0ms)
			DisableScriptedObjects (7ms)
			BackupInstance (0ms)
			ReleaseScriptingObjects (0ms)
			CreateAndSetChildDomain (25ms)
		EndReloadAssembly (1615ms)
			LoadAssemblies (255ms)
			RebuildTransferFunctionScriptingTraits (0ms)
			SetupTypeCache (503ms)
			ReleaseScriptCaches (1ms)
			RebuildScriptCaches (76ms)
			SetupLoadedEditorAssemblies (609ms)
				LogAssemblyErrors (0ms)
				InitializePlatformSupportModulesInManaged (11ms)
				SetLoadedEditorAssemblies (1ms)
				RefreshPlugins (1ms)
				BeforeProcessingInitializeOnLoad (182ms)
				ProcessInitializeOnLoadAttributes (334ms)
				ProcessInitializeOnLoadMethodAttributes (69ms)
				AfterProcessingInitializeOnLoad (10ms)
				EditorAssembliesLoaded (0ms)
			ExecutionOrderSort2 (0ms)
			AwakeInstancesAfterBackupRestoration (10ms)
Platform modules already initialized, skipping
========================================================================
Worker process is ready to serve import requests
Launched and connected shader compiler UnityShaderCompiler.exe after 0.06 seconds
Refreshing native plugins compatible for Editor in 0.86 ms, found 2 plugins.
Preloading 0 native plugins for Editor in 0.00 ms.
Unloading 2156 Unused Serialized files (Serialized files now loaded: 0)
System memory in use before: 86.2 MB.
System memory in use after: 86.3 MB.

Unloading 67 unused Assets to reduce memory usage. Loaded Objects now: 2553.
Total: 8.259600 ms (FindLiveObjects: 0.181800 ms CreateObjectMapping: 0.114700 ms MarkObjects: 7.852400 ms  DeleteObjects: 0.108600 ms)

AssetImportParameters requested are different than current active one (requested -> active):
  custom:framework-win-MediaFoundation: 216162199b28c13a410421893ffa2e32 -> 
  custom:video-decoder-ogg-theora: a1e56fd34408186e4bbccfd4996cb3dc -> 
  custom:container-muxer-webm: aa71ff27fc2769a1b78a27578f13a17b -> 
  custom:container-demuxer-webm: 4f35f7cbe854078d1ac9338744f61a02 -> 
  custom:container-demuxer-ogg: 62fdf1f143b41e24485cea50d1cbac27 -> 
  custom:video-encoder-webm-vp8: eb34c28f22e8b96e1ab97ce403110664 -> 
  custom:video-decoder-webm-vp8: 9c59270c3fd7afecdb556c50c9e8de78 -> 
  custom:audio-decoder-ogg-vorbis: bf7c407c2cedff20999df2af8eb42d56 -> 
  custom:audio-encoder-webm-vorbis: bf7c407c2cedff20999df2af8eb42d56 -> 
========================================================================
Received Import Request.
  path: Assets/Plugins/v4.5.2/MySql.Data.InstallState
  artifactKey: Guid(942a73c20265ac2439f239290c0e3f6c) Importer(815301076,1909f56bfc062723c751e8b465ee728b)
Start importing Assets/Plugins/v4.5.2/MySql.Data.InstallState using Guid(942a73c20265ac2439f239290c0e3f6c) Importer(815301076,1909f56bfc062723c751e8b465ee728b)  -> (artifact id: '4b8ed8c748e6f2e8a0adb69dfcae34b9') in 0.043481 seconds 
========================================================================
Received Import Request.
  Time since last request: 1.015565 seconds.
  path: Assets/Plugins/v4.5.2/MySql.Data.xml
  artifactKey: Guid(303d915f2d60d8540b2019d80800f334) Importer(815301076,1909f56bfc062723c751e8b465ee728b)
Start importing Assets/Plugins/v4.5.2/MySql.Data.xml using Guid(303d915f2d60d8540b2019d80800f334) Importer(815301076,1909f56bfc062723c751e8b465ee728b)  -> (artifact id: '85387feabb496b16286a070a16a3b931') in 0.018808 seconds 
========================================================================
Received Import Request.
  Time since last request: 1.885883 seconds.
  path: Assets/Plugins/v4.5.2/MySql.Web.xml
  artifactKey: Guid(2412ea1d703fa154797267f0337e8e81) Importer(815301076,1909f56bfc062723c751e8b465ee728b)
Start importing Assets/Plugins/v4.5.2/MySql.Web.xml using Guid(2412ea1d703fa154797267f0337e8e81) Importer(815301076,1909f56bfc062723c751e8b465ee728b)  -> (artifact id: '37031f49988485c18a99c61700a5d445') in 0.003230 seconds 
========================================================================
Received Prepare
Registering precompiled user dll's ...
Registered in 0.012631 seconds.
Begin MonoManager ReloadAssembly
Error: Could not load signature of MySql.Data.EntityFrameworkCore.Design.Metadata.Internal.MySQLColumnModelAnnotations:.ctor due to: Could not load file or assembly 'Microsoft.EntityFrameworkCore.Relational.Design, Version=1.1.6.0, Culture=neutral, PublicKeyToken=adb9793829ddae60' or one of its dependencies. assembly:Microsoft.EntityFrameworkCore.Relational.Design, Version=1.1.6.0, Culture=neutral, PublicKeyToken=adb9793829ddae60 type:<unknown type> member:(null) signature:<none>
Error: Could not load signature of MySql.Web.Security.MySqlWebSecurity:CreateSimpleRoleProvider due to: Could not load file or assembly 'WebMatrix.WebData, Version=3.0.0.0, Culture=neutral, PublicKeyToken=31bf3856ad364e35' or one of its dependencies. assembly:WebMatrix.WebData, Version=3.0.0.0, Culture=neutral, PublicKeyToken=31bf3856ad364e35 type:<unknown type> member:(null) signature:<none>
Error: Could not load signature of Microsoft.EntityFrameworkCore.MySQLDbContextOptionsExtensions:UseMySQL due to: Could not load file or assembly 'Microsoft.EntityFrameworkCore, Version=1.1.6.0, Culture=neutral, PublicKeyToken=adb9793829ddae60' or one of its dependencies. assembly:Microsoft.EntityFrameworkCore, Version=1.1.6.0, Culture=neutral, PublicKeyToken=adb9793829ddae60 type:<unknown type> member:(null) signature:<none>
Unloading broken assembly Assets/Plugins/v4.5.2/MySQL.Data.EntityFrameworkCore.Design.dll, this assembly can cause crashes in the runtime
Unloading broken assembly Assets/Plugins/v4.5.2/MySql.Web.dll, this assembly can cause crashes in the runtime
Unloading broken assembly Assets/Plugins/v4.5.2/MySQL.Data.EntityFrameworkCore.dll, this assembly can cause crashes in the runtime
Unloading broken assembly Assets/Plugins/v4.5.2/MySql.Data.EntityFramework.dll, this assembly can cause crashes in the runtime
Native extension for WindowsStandalone target not found
Native extension for WebGL target not found
Refreshing native plugins compatible for Editor in 1.43 ms, found 2 plugins.
Preloading 0 native plugins for Editor in 0.00 ms.
Mono: successfully reloaded assembly
- Completed reload, in  1.891 seconds
Domain Reload Profiling:
	ReloadAssembly (1892ms)
		BeginReloadAssembly (189ms)
			ExecutionOrderSort (0ms)
			DisableScriptedObjects (10ms)
			BackupInstance (0ms)
			ReleaseScriptingObjects (0ms)
			CreateAndSetChildDomain (59ms)
		EndReloadAssembly (1609ms)
			LoadAssemblies (178ms)
			RebuildTransferFunctionScriptingTraits (0ms)
			SetupTypeCache (629ms)
			ReleaseScriptCaches (1ms)
			RebuildScriptCaches (72ms)
			SetupLoadedEditorAssemblies (560ms)
				LogAssemblyErrors (0ms)
				InitializePlatformSupportModulesInManaged (8ms)
				SetLoadedEditorAssemblies (1ms)
				RefreshPlugins (2ms)
				BeforeProcessingInitializeOnLoad (159ms)
				ProcessInitializeOnLoadAttributes (317ms)
				ProcessInitializeOnLoadMethodAttributes (64ms)
				AfterProcessingInitializeOnLoad (10ms)
				EditorAssembliesLoaded (0ms)
			ExecutionOrderSort2 (0ms)
			AwakeInstancesAfterBackupRestoration (11ms)
Platform modules already initialized, skipping
Refreshing native plugins compatible for Editor in 0.97 ms, found 2 plugins.
Preloading 0 native plugins for Editor in 0.00 ms.
Unloading 2150 Unused Serialized files (Serialized files now loaded: 0)
System memory in use before: 86.1 MB.
System memory in use after: 86.2 MB.

Unloading 58 unused Assets to reduce memory usage. Loaded Objects now: 2555.
Total: 8.698600 ms (FindLiveObjects: 0.202000 ms CreateObjectMapping: 0.133300 ms MarkObjects: 8.319300 ms  DeleteObjects: 0.042400 ms)

AssetImportParameters requested are different than current active one (requested -> active):
  custom:framework-win-MediaFoundation: 216162199b28c13a410421893ffa2e32 -> 
  custom:video-decoder-ogg-theora: a1e56fd34408186e4bbccfd4996cb3dc -> 
  custom:container-muxer-webm: aa71ff27fc2769a1b78a27578f13a17b -> 
  custom:container-demuxer-webm: 4f35f7cbe854078d1ac9338744f61a02 -> 
  custom:container-demuxer-ogg: 62fdf1f143b41e24485cea50d1cbac27 -> 
  custom:video-encoder-webm-vp8: eb34c28f22e8b96e1ab97ce403110664 -> 
  custom:video-decoder-webm-vp8: 9c59270c3fd7afecdb556c50c9e8de78 -> 
  custom:audio-decoder-ogg-vorbis: bf7c407c2cedff20999df2af8eb42d56 -> 
  custom:audio-encoder-webm-vorbis: bf7c407c2cedff20999df2af8eb42d56 -> 
========================================================================
Received Prepare
Registering precompiled user dll's ...
Registered in 0.014086 seconds.
Begin MonoManager ReloadAssembly
Error: Could not load signature of MySql.Data.EntityFrameworkCore.Design.Metadata.Internal.MySQLColumnModelAnnotations:.ctor due to: Could not load file or assembly 'Microsoft.EntityFrameworkCore.Relational.Design, Version=1.1.6.0, Culture=neutral, PublicKeyToken=adb9793829ddae60' or one of its dependencies. assembly:Microsoft.EntityFrameworkCore.Relational.Design, Version=1.1.6.0, Culture=neutral, PublicKeyToken=adb9793829ddae60 type:<unknown type> member:(null) signature:<none>
Error: Could not load signature of MySql.Web.Security.MySqlWebSecurity:CreateSimpleRoleProvider due to: Could not load file or assembly 'WebMatrix.WebData, Version=3.0.0.0, Culture=neutral, PublicKeyToken=31bf3856ad364e35' or one of its dependencies. assembly:WebMatrix.WebData, Version=3.0.0.0, Culture=neutral, PublicKeyToken=31bf3856ad364e35 type:<unknown type> member:(null) signature:<none>
Error: Could not load signature of Microsoft.EntityFrameworkCore.MySQLDbContextOptionsExtensions:UseMySQL due to: Could not load file or assembly 'Microsoft.EntityFrameworkCore, Version=1.1.6.0, Culture=neutral, PublicKeyToken=adb9793829ddae60' or one of its dependencies. assembly:Microsoft.EntityFrameworkCore, Version=1.1.6.0, Culture=neutral, PublicKeyToken=adb9793829ddae60 type:<unknown type> member:(null) signature:<none>
Unloading broken assembly Assets/Plugins/v4.5.2/MySQL.Data.EntityFrameworkCore.Design.dll, this assembly can cause crashes in the runtime
Unloading broken assembly Assets/Plugins/v4.5.2/MySql.Web.dll, this assembly can cause crashes in the runtime
Unloading broken assembly Assets/Plugins/v4.5.2/MySQL.Data.EntityFrameworkCore.dll, this assembly can cause crashes in the runtime
Unloading broken assembly Assets/Plugins/v4.5.2/MySql.Data.EntityFramework.dll, this assembly can cause crashes in the runtime
Native extension for WindowsStandalone target not found
Native extension for WebGL target not found
Refreshing native plugins compatible for Editor in 0.95 ms, found 2 plugins.
Preloading 0 native plugins for Editor in 0.00 ms.
Mono: successfully reloaded assembly
- Completed reload, in  1.817 seconds
Domain Reload Profiling:
	ReloadAssembly (1817ms)
		BeginReloadAssembly (166ms)
			ExecutionOrderSort (0ms)
			DisableScriptedObjects (9ms)
			BackupInstance (0ms)
			ReleaseScriptingObjects (0ms)
			CreateAndSetChildDomain (51ms)
		EndReloadAssembly (1559ms)
			LoadAssemblies (150ms)
			RebuildTransferFunctionScriptingTraits (0ms)
			SetupTypeCache (576ms)
			ReleaseScriptCaches (1ms)
			RebuildScriptCaches (73ms)
			SetupLoadedEditorAssemblies (600ms)
				LogAssemblyErrors (1ms)
				InitializePlatformSupportModulesInManaged (8ms)
				SetLoadedEditorAssemblies (1ms)
				RefreshPlugins (1ms)
				BeforeProcessingInitializeOnLoad (164ms)
				ProcessInitializeOnLoadAttributes (350ms)
				ProcessInitializeOnLoadMethodAttributes (67ms)
				AfterProcessingInitializeOnLoad (9ms)
				EditorAssembliesLoaded (0ms)
			ExecutionOrderSort2 (0ms)
			AwakeInstancesAfterBackupRestoration (13ms)
Platform modules already initialized, skipping
Refreshing native plugins compatible for Editor in 0.98 ms, found 2 plugins.
Preloading 0 native plugins for Editor in 0.00 ms.
Unloading 2150 Unused Serialized files (Serialized files now loaded: 0)
System memory in use before: 86.1 MB.
System memory in use after: 86.3 MB.

Unloading 58 unused Assets to reduce memory usage. Loaded Objects now: 2557.
Total: 7.911000 ms (FindLiveObjects: 0.177900 ms CreateObjectMapping: 0.092100 ms MarkObjects: 7.598200 ms  DeleteObjects: 0.040800 ms)

AssetImportParameters requested are different than current active one (requested -> active):
  custom:framework-win-MediaFoundation: 216162199b28c13a410421893ffa2e32 -> 
  custom:video-decoder-ogg-theora: a1e56fd34408186e4bbccfd4996cb3dc -> 
  custom:container-muxer-webm: aa71ff27fc2769a1b78a27578f13a17b -> 
  custom:container-demuxer-webm: 4f35f7cbe854078d1ac9338744f61a02 -> 
  custom:container-demuxer-ogg: 62fdf1f143b41e24485cea50d1cbac27 -> 
  custom:video-encoder-webm-vp8: eb34c28f22e8b96e1ab97ce403110664 -> 
  custom:video-decoder-webm-vp8: 9c59270c3fd7afecdb556c50c9e8de78 -> 
  custom:audio-decoder-ogg-vorbis: bf7c407c2cedff20999df2af8eb42d56 -> 
  custom:audio-encoder-webm-vorbis: bf7c407c2cedff20999df2af8eb42d56 -> 
========================================================================
Received Prepare
Registering precompiled user dll's ...
Registered in 0.010515 seconds.
Begin MonoManager ReloadAssembly
Error: Could not load signature of MySql.Data.EntityFrameworkCore.Design.Metadata.Internal.MySQLColumnModelAnnotations:.ctor due to: Could not load file or assembly 'Microsoft.EntityFrameworkCore.Relational.Design, Version=1.1.6.0, Culture=neutral, PublicKeyToken=adb9793829ddae60' or one of its dependencies. assembly:Microsoft.EntityFrameworkCore.Relational.Design, Version=1.1.6.0, Culture=neutral, PublicKeyToken=adb9793829ddae60 type:<unknown type> member:(null) signature:<none>
Error: Could not load signature of MySql.Web.Security.MySqlWebSecurity:CreateSimpleRoleProvider due to: Could not load file or assembly 'WebMatrix.WebData, Version=3.0.0.0, Culture=neutral, PublicKeyToken=31bf3856ad364e35' or one of its dependencies. assembly:WebMatrix.WebData, Version=3.0.0.0, Culture=neutral, PublicKeyToken=31bf3856ad364e35 type:<unknown type> member:(null) signature:<none>
Error: Could not load signature of Microsoft.EntityFrameworkCore.MySQLDbContextOptionsExtensions:UseMySQL due to: Could not load file or assembly 'Microsoft.EntityFrameworkCore, Version=1.1.6.0, Culture=neutral, PublicKeyToken=adb9793829ddae60' or one of its dependencies. assembly:Microsoft.EntityFrameworkCore, Version=1.1.6.0, Culture=neutral, PublicKeyToken=adb9793829ddae60 type:<unknown type> member:(null) signature:<none>
Unloading broken assembly Assets/Plugins/v4.5.2/MySQL.Data.EntityFrameworkCore.Design.dll, this assembly can cause crashes in the runtime
Unloading broken assembly Assets/Plugins/v4.5.2/MySql.Web.dll, this assembly can cause crashes in the runtime
Unloading broken assembly Assets/Plugins/v4.5.2/MySQL.Data.EntityFrameworkCore.dll, this assembly can cause crashes in the runtime
Unloading broken assembly Assets/Plugins/v4.5.2/MySql.Data.EntityFramework.dll, this assembly can cause crashes in the runtime
Native extension for WindowsStandalone target not found
Native extension for WebGL target not found
Refreshing native plugins compatible for Editor in 1.51 ms, found 2 plugins.
Preloading 0 native plugins for Editor in 0.00 ms.
Mono: successfully reloaded assembly
- Completed reload, in  2.091 seconds
Domain Reload Profiling:
	ReloadAssembly (2091ms)
		BeginReloadAssembly (413ms)
			ExecutionOrderSort (0ms)
			DisableScriptedObjects (29ms)
			BackupInstance (0ms)
			ReleaseScriptingObjects (0ms)
			CreateAndSetChildDomain (158ms)
		EndReloadAssembly (1575ms)
			LoadAssemblies (230ms)
			RebuildTransferFunctionScriptingTraits (0ms)
			SetupTypeCache (569ms)
			ReleaseScriptCaches (2ms)
			RebuildScriptCaches (83ms)
			SetupLoadedEditorAssemblies (596ms)
				LogAssemblyErrors (0ms)
				InitializePlatformSupportModulesInManaged (9ms)
				SetLoadedEditorAssemblies (2ms)
				RefreshPlugins (2ms)
				BeforeProcessingInitializeOnLoad (194ms)
				ProcessInitializeOnLoadAttributes (309ms)
				ProcessInitializeOnLoadMethodAttributes (67ms)
				AfterProcessingInitializeOnLoad (13ms)
				EditorAssembliesLoaded (0ms)
			ExecutionOrderSort2 (0ms)
			AwakeInstancesAfterBackupRestoration (13ms)
Platform modules already initialized, skipping
Refreshing native plugins compatible for Editor in 1.40 ms, found 2 plugins.
Preloading 0 native plugins for Editor in 0.00 ms.
Unloading 2150 Unused Serialized files (Serialized files now loaded: 0)
System memory in use before: 86.2 MB.
System memory in use after: 86.3 MB.

Unloading 58 unused Assets to reduce memory usage. Loaded Objects now: 2559.
Total: 10.061700 ms (FindLiveObjects: 0.697400 ms CreateObjectMapping: 0.201000 ms MarkObjects: 9.117300 ms  DeleteObjects: 0.044400 ms)

AssetImportParameters requested are different than current active one (requested -> active):
  custom:framework-win-MediaFoundation: 216162199b28c13a410421893ffa2e32 -> 
  custom:video-decoder-ogg-theora: a1e56fd34408186e4bbccfd4996cb3dc -> 
  custom:container-muxer-webm: aa71ff27fc2769a1b78a27578f13a17b -> 
  custom:container-demuxer-webm: 4f35f7cbe854078d1ac9338744f61a02 -> 
  custom:container-demuxer-ogg: 62fdf1f143b41e24485cea50d1cbac27 -> 
  custom:video-encoder-webm-vp8: eb34c28f22e8b96e1ab97ce403110664 -> 
  custom:video-decoder-webm-vp8: 9c59270c3fd7afecdb556c50c9e8de78 -> 
  custom:audio-decoder-ogg-vorbis: bf7c407c2cedff20999df2af8eb42d56 -> 
  custom:audio-encoder-webm-vorbis: bf7c407c2cedff20999df2af8eb42d56 -> 
========================================================================
Received Prepare
Registering precompiled user dll's ...
Registered in 0.018334 seconds.
Begin MonoManager ReloadAssembly
Error: Could not load signature of Microsoft.EntityFrameworkCore.Metadata.ScaffoldingMetadataExtensions:Scaffolding due to: Could not load file or assembly 'Microsoft.EntityFrameworkCore.Relational, Version=1.1.6.0, Culture=neutral, PublicKeyToken=adb9793829ddae60' or one of its dependencies. assembly:Microsoft.EntityFrameworkCore.Relational, Version=1.1.6.0, Culture=neutral, PublicKeyToken=adb9793829ddae60 type:<unknown type> member:(null) signature:<none>
Error: Could not load signature of MySql.Data.EntityFrameworkCore.Design.Metadata.Internal.MySQLDatabaseModelExtensions:MySQL due to: Could not load file or assembly 'Microsoft.EntityFrameworkCore, Version=1.1.6.0, Culture=neutral, PublicKeyToken=adb9793829ddae60' or one of its dependencies. assembly:Microsoft.EntityFrameworkCore, Version=1.1.6.0, Culture=neutral, PublicKeyToken=adb9793829ddae60 type:<unknown type> member:(null) signature:<none>
Error: Could not load signature of MySql.Web.Security.MySqlWebSecurity:CreateSimpleRoleProvider due to: Could not load file or assembly 'WebMatrix.WebData, Version=3.0.0.0, Culture=neutral, PublicKeyToken=31bf3856ad364e35' or one of its dependencies. assembly:WebMatrix.WebData, Version=3.0.0.0, Culture=neutral, PublicKeyToken=31bf3856ad364e35 type:<unknown type> member:(null) signature:<none>
Error: Could not load signature of Microsoft.EntityFrameworkCore.MySQLDbContextOptionsExtensions:UseMySQL due to: Could not load file or assembly 'Microsoft.EntityFrameworkCore, Version=1.1.6.0, Culture=neutral, PublicKeyToken=adb9793829ddae60' or one of its dependencies. assembly:Microsoft.EntityFrameworkCore, Version=1.1.6.0, Culture=neutral, PublicKeyToken=adb9793829ddae60 type:<unknown type> member:(null) signature:<none>
Unloading broken assembly Assets/Plugins/v4.5.2/Microsoft.EntityFrameworkCore.Relational.Design.dll, this assembly can cause crashes in the runtime
Unloading broken assembly Assets/Plugins/v4.5.2/MySQL.Data.EntityFrameworkCore.Design.dll, this assembly can cause crashes in the runtime
Unloading broken assembly Assets/Plugins/v4.5.2/MySql.Web.dll, this assembly can cause crashes in the runtime
Unloading broken assembly Assets/Plugins/v4.5.2/MySQL.Data.EntityFrameworkCore.dll, this assembly can cause crashes in the runtime
Unloading broken assembly Assets/Plugins/v4.5.2/MySql.Data.EntityFramework.dll, this assembly can cause crashes in the runtime
Native extension for WindowsStandalone target not found
Native extension for WebGL target not found
Refreshing native plugins compatible for Editor in 1.01 ms, found 2 plugins.
Preloading 0 native plugins for Editor in 0.00 ms.
Mono: successfully reloaded assembly
- Completed reload, in  1.786 seconds
Domain Reload Profiling:
	ReloadAssembly (1786ms)
		BeginReloadAssembly (174ms)
			ExecutionOrderSort (0ms)
			DisableScriptedObjects (9ms)
			BackupInstance (0ms)
			ReleaseScriptingObjects (0ms)
			CreateAndSetChildDomain (50ms)
		EndReloadAssembly (1516ms)
			LoadAssemblies (158ms)
			RebuildTransferFunctionScriptingTraits (0ms)
			SetupTypeCache (488ms)
			ReleaseScriptCaches (1ms)
			RebuildScriptCaches (74ms)
			SetupLoadedEditorAssemblies (630ms)
				LogAssemblyErrors (0ms)
				InitializePlatformSupportModulesInManaged (10ms)
				SetLoadedEditorAssemblies (1ms)
				RefreshPlugins (1ms)
				BeforeProcessingInitializeOnLoad (205ms)
				ProcessInitializeOnLoadAttributes (336ms)
				ProcessInitializeOnLoadMethodAttributes (65ms)
				AfterProcessingInitializeOnLoad (11ms)
				EditorAssembliesLoaded (0ms)
			ExecutionOrderSort2 (0ms)
			AwakeInstancesAfterBackupRestoration (11ms)
Platform modules already initialized, skipping
Refreshing native plugins compatible for Editor in 1.10 ms, found 2 plugins.
Preloading 0 native plugins for Editor in 0.00 ms.
Unloading 2151 Unused Serialized files (Serialized files now loaded: 0)
System memory in use before: 86.2 MB.
System memory in use after: 86.3 MB.

Unloading 59 unused Assets to reduce memory usage. Loaded Objects now: 2561.
Total: 7.864100 ms (FindLiveObjects: 0.184500 ms CreateObjectMapping: 0.093900 ms MarkObjects: 7.530300 ms  DeleteObjects: 0.053600 ms)

AssetImportParameters requested are different than current active one (requested -> active):
  custom:framework-win-MediaFoundation: 216162199b28c13a410421893ffa2e32 -> 
  custom:video-decoder-ogg-theora: a1e56fd34408186e4bbccfd4996cb3dc -> 
  custom:container-muxer-webm: aa71ff27fc2769a1b78a27578f13a17b -> 
  custom:container-demuxer-webm: 4f35f7cbe854078d1ac9338744f61a02 -> 
  custom:container-demuxer-ogg: 62fdf1f143b41e24485cea50d1cbac27 -> 
  custom:video-encoder-webm-vp8: eb34c28f22e8b96e1ab97ce403110664 -> 
  custom:video-decoder-webm-vp8: 9c59270c3fd7afecdb556c50c9e8de78 -> 
  custom:audio-decoder-ogg-vorbis: bf7c407c2cedff20999df2af8eb42d56 -> 
  custom:audio-encoder-webm-vorbis: bf7c407c2cedff20999df2af8eb42d56 -> 
========================================================================
Received Import Request.
  Time since last request: 523.613024 seconds.
  path: Assets/Plugins/v4.5.2/Microsoft.EntityFrameworkCore.Relational.Design.dll
  artifactKey: Guid(561b7874974edc340915f3e9f8464c08) Importer(815301076,1909f56bfc062723c751e8b465ee728b)
Start importing Assets/Plugins/v4.5.2/Microsoft.EntityFrameworkCore.Relational.Design.dll using Guid(561b7874974edc340915f3e9f8464c08) Importer(815301076,1909f56bfc062723c751e8b465ee728b)  -> (artifact id: 'aa2f249865c3d27cabf6ff9308e64133') in 0.023151 seconds 
========================================================================
Received Prepare
Registering precompiled user dll's ...
Registered in 0.082635 seconds.
Begin MonoManager ReloadAssembly
Error: Could not load signature of Microsoft.EntityFrameworkCore.Metadata.ScaffoldingMetadataExtensions:Scaffolding due to: Could not load file or assembly 'Microsoft.EntityFrameworkCore.Relational, Version=1.1.6.0, Culture=neutral, PublicKeyToken=adb9793829ddae60' or one of its dependencies. assembly:Microsoft.EntityFrameworkCore.Relational, Version=1.1.6.0, Culture=neutral, PublicKeyToken=adb9793829ddae60 type:<unknown type> member:(null) signature:<none>
Error: Could not load signature of MySql.Data.EntityFrameworkCore.Design.Metadata.Internal.MySQLDatabaseModelExtensions:MySQL due to: Could not load file or assembly 'Microsoft.EntityFrameworkCore, Version=1.1.6.0, Culture=neutral, PublicKeyToken=adb9793829ddae60' or one of its dependencies. assembly:Microsoft.EntityFrameworkCore, Version=1.1.6.0, Culture=neutral, PublicKeyToken=adb9793829ddae60 type:<unknown type> member:(null) signature:<none>
Error: Could not load signature of MySql.Web.Security.MySqlWebSecurity:CreateSimpleRoleProvider due to: Could not load file or assembly 'WebMatrix.WebData, Version=3.0.0.0, Culture=neutral, PublicKeyToken=31bf3856ad364e35' or one of its dependencies. assembly:WebMatrix.WebData, Version=3.0.0.0, Culture=neutral, PublicKeyToken=31bf3856ad364e35 type:<unknown type> member:(null) signature:<none>
Error: Could not load signature of Microsoft.EntityFrameworkCore.MySQLDbContextOptionsExtensions:UseMySQL due to: Could not load file or assembly 'Microsoft.EntityFrameworkCore, Version=1.1.6.0, Culture=neutral, PublicKeyToken=adb9793829ddae60' or one of its dependencies. assembly:Microsoft.EntityFrameworkCore, Version=1.1.6.0, Culture=neutral, PublicKeyToken=adb9793829ddae60 type:<unknown type> member:(null) signature:<none>
Unloading broken assembly Assets/Plugins/v4.5.2/Microsoft.EntityFrameworkCore.Relational.Design.dll, this assembly can cause crashes in the runtime
Unloading broken assembly Assets/Plugins/v4.5.2/MySQL.Data.EntityFrameworkCore.Design.dll, this assembly can cause crashes in the runtime
Unloading broken assembly Assets/Plugins/v4.5.2/MySql.Web.dll, this assembly can cause crashes in the runtime
Unloading broken assembly Assets/Plugins/v4.5.2/MySQL.Data.EntityFrameworkCore.dll, this assembly can cause crashes in the runtime
Unloading broken assembly Assets/Plugins/v4.5.2/MySql.Data.EntityFramework.dll, this assembly can cause crashes in the runtime
Native extension for WindowsStandalone target not found
Native extension for WebGL target not found
Refreshing native plugins compatible for Editor in 0.99 ms, found 2 plugins.
Preloading 0 native plugins for Editor in 0.00 ms.
Mono: successfully reloaded assembly
- Completed reload, in  1.781 seconds
Domain Reload Profiling:
	ReloadAssembly (1782ms)
		BeginReloadAssembly (194ms)
			ExecutionOrderSort (0ms)
			DisableScriptedObjects (18ms)
			BackupInstance (0ms)
			ReleaseScriptingObjects (0ms)
			CreateAndSetChildDomain (50ms)
		EndReloadAssembly (1494ms)
			LoadAssemblies (176ms)
			RebuildTransferFunctionScriptingTraits (0ms)
			SetupTypeCache (481ms)
			ReleaseScriptCaches (2ms)
			RebuildScriptCaches (78ms)
			SetupLoadedEditorAssemblies (602ms)
				LogAssemblyErrors (0ms)
				InitializePlatformSupportModulesInManaged (8ms)
				SetLoadedEditorAssemblies (1ms)
				RefreshPlugins (1ms)
				BeforeProcessingInitializeOnLoad (172ms)
				ProcessInitializeOnLoadAttributes (345ms)
				ProcessInitializeOnLoadMethodAttributes (64ms)
				AfterProcessingInitializeOnLoad (9ms)
				EditorAssembliesLoaded (0ms)
			ExecutionOrderSort2 (0ms)
			AwakeInstancesAfterBackupRestoration (11ms)
Platform modules already initialized, skipping
Refreshing native plugins compatible for Editor in 85.23 ms, found 2 plugins.
Preloading 0 native plugins for Editor in 0.00 ms.
Unloading 2151 Unused Serialized files (Serialized files now loaded: 0)
System memory in use before: 86.2 MB.
System memory in use after: 86.3 MB.

Unloading 59 unused Assets to reduce memory usage. Loaded Objects now: 2563.
Total: 37.442500 ms (FindLiveObjects: 0.186900 ms CreateObjectMapping: 0.096200 ms MarkObjects: 37.084700 ms  DeleteObjects: 0.073100 ms)

AssetImportParameters requested are different than current active one (requested -> active):
  custom:framework-win-MediaFoundation: 216162199b28c13a410421893ffa2e32 -> 
  custom:video-decoder-ogg-theora: a1e56fd34408186e4bbccfd4996cb3dc -> 
  custom:container-muxer-webm: aa71ff27fc2769a1b78a27578f13a17b -> 
  custom:container-demuxer-webm: 4f35f7cbe854078d1ac9338744f61a02 -> 
  custom:container-demuxer-ogg: 62fdf1f143b41e24485cea50d1cbac27 -> 
  custom:video-encoder-webm-vp8: eb34c28f22e8b96e1ab97ce403110664 -> 
  custom:video-decoder-webm-vp8: 9c59270c3fd7afecdb556c50c9e8de78 -> 
  custom:audio-decoder-ogg-vorbis: bf7c407c2cedff20999df2af8eb42d56 -> 
  custom:audio-encoder-webm-vorbis: bf7c407c2cedff20999df2af8eb42d56 -> 
========================================================================
Received Import Request.
  Time since last request: 18.334239 seconds.
  path: Assets/Plugins/v4.5.2/Microsoft.EntityFrameworkCore.Relational.Design.dll
  artifactKey: Guid(561b7874974edc340915f3e9f8464c08) Importer(815301076,1909f56bfc062723c751e8b465ee728b)
Start importing Assets/Plugins/v4.5.2/Microsoft.EntityFrameworkCore.Relational.Design.dll using Guid(561b7874974edc340915f3e9f8464c08) Importer(815301076,1909f56bfc062723c751e8b465ee728b)  -> (artifact id: '121a928d0c08bdb3de574631719290d9') in 0.020275 seconds 
========================================================================
Received Prepare
Registering precompiled user dll's ...
Registered in 0.018057 seconds.
Begin MonoManager ReloadAssembly
Error: Could not load signature of Microsoft.EntityFrameworkCore.Metadata.ScaffoldingMetadataExtensions:Scaffolding due to: Could not load file or assembly 'Microsoft.EntityFrameworkCore.Relational, Version=1.1.6.0, Culture=neutral, PublicKeyToken=adb9793829ddae60' or one of its dependencies. assembly:Microsoft.EntityFrameworkCore.Relational, Version=1.1.6.0, Culture=neutral, PublicKeyToken=adb9793829ddae60 type:<unknown type> member:(null) signature:<none>
Error: Could not load signature of MySql.Data.EntityFrameworkCore.Design.Metadata.Internal.MySQLDatabaseModelExtensions:MySQL due to: Could not load file or assembly 'Microsoft.EntityFrameworkCore, Version=1.1.6.0, Culture=neutral, PublicKeyToken=adb9793829ddae60' or one of its dependencies. assembly:Microsoft.EntityFrameworkCore, Version=1.1.6.0, Culture=neutral, PublicKeyToken=adb9793829ddae60 type:<unknown type> member:(null) signature:<none>
Error: Could not load signature of MySql.Web.Security.MySqlWebSecurity:CreateSimpleRoleProvider due to: Could not load file or assembly 'WebMatrix.WebData, Version=3.0.0.0, Culture=neutral, PublicKeyToken=31bf3856ad364e35' or one of its dependencies. assembly:WebMatrix.WebData, Version=3.0.0.0, Culture=neutral, PublicKeyToken=31bf3856ad364e35 type:<unknown type> member:(null) signature:<none>
Error: Could not load signature of Microsoft.EntityFrameworkCore.MySQLDbContextOptionsExtensions:UseMySQL due to: Could not load file or assembly 'Microsoft.EntityFrameworkCore, Version=1.1.6.0, Culture=neutral, PublicKeyToken=adb9793829ddae60' or one of its dependencies. assembly:Microsoft.EntityFrameworkCore, Version=1.1.6.0, Culture=neutral, PublicKeyToken=adb9793829ddae60 type:<unknown type> member:(null) signature:<none>
Unloading broken assembly Assets/Plugins/v4.5.2/Microsoft.EntityFrameworkCore.Relational.Design.dll, this assembly can cause crashes in the runtime
Unloading broken assembly Assets/Plugins/v4.5.2/MySQL.Data.EntityFrameworkCore.Design.dll, this assembly can cause crashes in the runtime
Unloading broken assembly Assets/Plugins/v4.5.2/MySql.Web.dll, this assembly can cause crashes in the runtime
Unloading broken assembly Assets/Plugins/v4.5.2/MySQL.Data.EntityFrameworkCore.dll, this assembly can cause crashes in the runtime
Unloading broken assembly Assets/Plugins/v4.5.2/MySql.Data.EntityFramework.dll, this assembly can cause crashes in the runtime
Native extension for WindowsStandalone target not found
Native extension for WebGL target not found
Refreshing native plugins compatible for Editor in 1.31 ms, found 2 plugins.
Preloading 0 native plugins for Editor in 0.00 ms.
Mono: successfully reloaded assembly
- Completed reload, in  1.806 seconds
Domain Reload Profiling:
	ReloadAssembly (1807ms)
		BeginReloadAssembly (159ms)
			ExecutionOrderSort (0ms)
			DisableScriptedObjects (10ms)
			BackupInstance (0ms)
			ReleaseScriptingObjects (0ms)
			CreateAndSetChildDomain (43ms)
		EndReloadAssembly (1554ms)
			LoadAssemblies (163ms)
			RebuildTransferFunctionScriptingTraits (0ms)
			SetupTypeCache (556ms)
			ReleaseScriptCaches (2ms)
			RebuildScriptCaches (98ms)
			SetupLoadedEditorAssemblies (571ms)
				LogAssemblyErrors (0ms)
				InitializePlatformSupportModulesInManaged (8ms)
				SetLoadedEditorAssemblies (2ms)
				RefreshPlugins (2ms)
				BeforeProcessingInitializeOnLoad (166ms)
				ProcessInitializeOnLoadAttributes (322ms)
				ProcessInitializeOnLoadMethodAttributes (61ms)
				AfterProcessingInitializeOnLoad (10ms)
				EditorAssembliesLoaded (0ms)
			ExecutionOrderSort2 (0ms)
			AwakeInstancesAfterBackupRestoration (11ms)
Platform modules already initialized, skipping
Refreshing native plugins compatible for Editor in 1.17 ms, found 2 plugins.
Preloading 0 native plugins for Editor in 0.00 ms.
Unloading 2151 Unused Serialized files (Serialized files now loaded: 0)
System memory in use before: 86.2 MB.
System memory in use after: 86.4 MB.

Unloading 59 unused Assets to reduce memory usage. Loaded Objects now: 2565.
Total: 10.448600 ms (FindLiveObjects: 0.188100 ms CreateObjectMapping: 0.098200 ms MarkObjects: 10.118900 ms  DeleteObjects: 0.041500 ms)

AssetImportParameters requested are different than current active one (requested -> active):
  custom:framework-win-MediaFoundation: 216162199b28c13a410421893ffa2e32 -> 
  custom:video-decoder-ogg-theora: a1e56fd34408186e4bbccfd4996cb3dc -> 
  custom:container-muxer-webm: aa71ff27fc2769a1b78a27578f13a17b -> 
  custom:container-demuxer-webm: 4f35f7cbe854078d1ac9338744f61a02 -> 
  custom:container-demuxer-ogg: 62fdf1f143b41e24485cea50d1cbac27 -> 
  custom:video-encoder-webm-vp8: eb34c28f22e8b96e1ab97ce403110664 -> 
  custom:video-decoder-webm-vp8: 9c59270c3fd7afecdb556c50c9e8de78 -> 
  custom:audio-decoder-ogg-vorbis: bf7c407c2cedff20999df2af8eb42d56 -> 
  custom:audio-encoder-webm-vorbis: bf7c407c2cedff20999df2af8eb42d56 -> 
========================================================================
Received Prepare
Registering precompiled user dll's ...
Registered in 0.015837 seconds.
Begin MonoManager ReloadAssembly
Error: Could not load signature of Microsoft.EntityFrameworkCore.Metadata.ScaffoldingMetadataExtensions:Scaffolding due to: Could not load file or assembly 'Microsoft.EntityFrameworkCore.Relational, Version=1.1.6.0, Culture=neutral, PublicKeyToken=adb9793829ddae60' or one of its dependencies. assembly:Microsoft.EntityFrameworkCore.Relational, Version=1.1.6.0, Culture=neutral, PublicKeyToken=adb9793829ddae60 type:<unknown type> member:(null) signature:<none>
Error: Could not load signature of MySql.Data.EntityFrameworkCore.Design.Metadata.Internal.MySQLDatabaseModelExtensions:MySQL due to: Could not load file or assembly 'Microsoft.EntityFrameworkCore, Version=1.1.6.0, Culture=neutral, PublicKeyToken=adb9793829ddae60' or one of its dependencies. assembly:Microsoft.EntityFrameworkCore, Version=1.1.6.0, Culture=neutral, PublicKeyToken=adb9793829ddae60 type:<unknown type> member:(null) signature:<none>
Error: Could not load signature of MySql.Web.Security.MySqlWebSecurity:CreateSimpleRoleProvider due to: Could not load file or assembly 'WebMatrix.WebData, Version=3.0.0.0, Culture=neutral, PublicKeyToken=31bf3856ad364e35' or one of its dependencies. assembly:WebMatrix.WebData, Version=3.0.0.0, Culture=neutral, PublicKeyToken=31bf3856ad364e35 type:<unknown type> member:(null) signature:<none>
Error: Could not load signature of Microsoft.EntityFrameworkCore.MySQLDbContextOptionsExtensions:UseMySQL due to: Could not load file or assembly 'Microsoft.EntityFrameworkCore, Version=1.1.6.0, Culture=neutral, PublicKeyToken=adb9793829ddae60' or one of its dependencies. assembly:Microsoft.EntityFrameworkCore, Version=1.1.6.0, Culture=neutral, PublicKeyToken=adb9793829ddae60 type:<unknown type> member:(null) signature:<none>
Unloading broken assembly Assets/Plugins/v4.5.2/Microsoft.EntityFrameworkCore.Relational.Design.dll, this assembly can cause crashes in the runtime
Unloading broken assembly Assets/Plugins/v4.5.2/MySQL.Data.EntityFrameworkCore.Design.dll, this assembly can cause crashes in the runtime
Unloading broken assembly Assets/Plugins/v4.5.2/MySql.Web.dll, this assembly can cause crashes in the runtime
Unloading broken assembly Assets/Plugins/v4.5.2/MySQL.Data.EntityFrameworkCore.dll, this assembly can cause crashes in the runtime
Unloading broken assembly Assets/Plugins/v4.5.2/MySql.Data.EntityFramework.dll, this assembly can cause crashes in the runtime
Native extension for WindowsStandalone target not found
Native extension for WebGL target not found
Refreshing native plugins compatible for Editor in 0.97 ms, found 2 plugins.
Preloading 0 native plugins for Editor in 0.00 ms.
Mono: successfully reloaded assembly
- Completed reload, in  2.420 seconds
Domain Reload Profiling:
	ReloadAssembly (2421ms)
		BeginReloadAssembly (523ms)
			ExecutionOrderSort (0ms)
			DisableScriptedObjects (160ms)
			BackupInstance (0ms)
			ReleaseScriptingObjects (0ms)
			CreateAndSetChildDomain (94ms)
		EndReloadAssembly (1793ms)
			LoadAssemblies (260ms)
			RebuildTransferFunctionScriptingTraits (0ms)
			SetupTypeCache (660ms)
			ReleaseScriptCaches (2ms)
			RebuildScriptCaches (84ms)
			SetupLoadedEditorAssemblies (696ms)
				LogAssemblyErrors (0ms)
				InitializePlatformSupportModulesInManaged (8ms)
				SetLoadedEditorAssemblies (2ms)
				RefreshPlugins (1ms)
				BeforeProcessingInitializeOnLoad (186ms)
				ProcessInitializeOnLoadAttributes (372ms)
				ProcessInitializeOnLoadMethodAttributes (110ms)
				AfterProcessingInitializeOnLoad (16ms)
				EditorAssembliesLoaded (0ms)
			ExecutionOrderSort2 (0ms)
			AwakeInstancesAfterBackupRestoration (12ms)
Platform modules already initialized, skipping
Refreshing native plugins compatible for Editor in 1.17 ms, found 2 plugins.
Preloading 0 native plugins for Editor in 0.00 ms.
Unloading 2151 Unused Serialized files (Serialized files now loaded: 0)
System memory in use before: 86.2 MB.
System memory in use after: 86.4 MB.

Unloading 59 unused Assets to reduce memory usage. Loaded Objects now: 2567.
Total: 9.555700 ms (FindLiveObjects: 0.184900 ms CreateObjectMapping: 0.133900 ms MarkObjects: 9.150700 ms  DeleteObjects: 0.084300 ms)

AssetImportParameters requested are different than current active one (requested -> active):
  custom:framework-win-MediaFoundation: 216162199b28c13a410421893ffa2e32 -> 
  custom:video-decoder-ogg-theora: a1e56fd34408186e4bbccfd4996cb3dc -> 
  custom:container-muxer-webm: aa71ff27fc2769a1b78a27578f13a17b -> 
  custom:container-demuxer-webm: 4f35f7cbe854078d1ac9338744f61a02 -> 
  custom:container-demuxer-ogg: 62fdf1f143b41e24485cea50d1cbac27 -> 
  custom:video-encoder-webm-vp8: eb34c28f22e8b96e1ab97ce403110664 -> 
  custom:video-decoder-webm-vp8: 9c59270c3fd7afecdb556c50c9e8de78 -> 
  custom:audio-decoder-ogg-vorbis: bf7c407c2cedff20999df2af8eb42d56 -> 
  custom:audio-encoder-webm-vorbis: bf7c407c2cedff20999df2af8eb42d56 -> 
========================================================================
Received Prepare
Registering precompiled user dll's ...
Registered in 0.012046 seconds.
Begin MonoManager ReloadAssembly
Error: Could not load signature of Microsoft.EntityFrameworkCore.Metadata.ScaffoldingMetadataExtensions:Scaffolding due to: Could not load file or assembly 'Microsoft.EntityFrameworkCore.Relational, Version=1.1.6.0, Culture=neutral, PublicKeyToken=adb9793829ddae60' or one of its dependencies. assembly:Microsoft.EntityFrameworkCore.Relational, Version=1.1.6.0, Culture=neutral, PublicKeyToken=adb9793829ddae60 type:<unknown type> member:(null) signature:<none>
Error: Could not load signature of MySql.Data.EntityFrameworkCore.Design.Metadata.Internal.MySQLDatabaseModelExtensions:MySQL due to: Could not load file or assembly 'Microsoft.EntityFrameworkCore, Version=1.1.6.0, Culture=neutral, PublicKeyToken=adb9793829ddae60' or one of its dependencies. assembly:Microsoft.EntityFrameworkCore, Version=1.1.6.0, Culture=neutral, PublicKeyToken=adb9793829ddae60 type:<unknown type> member:(null) signature:<none>
Error: Could not load signature of MySql.Web.Security.MySqlWebSecurity:CreateSimpleRoleProvider due to: Could not load file or assembly 'WebMatrix.WebData, Version=3.0.0.0, Culture=neutral, PublicKeyToken=31bf3856ad364e35' or one of its dependencies. assembly:WebMatrix.WebData, Version=3.0.0.0, Culture=neutral, PublicKeyToken=31bf3856ad364e35 type:<unknown type> member:(null) signature:<none>
Error: Could not load signature of Microsoft.EntityFrameworkCore.MySQLDbContextOptionsExtensions:UseMySQL due to: Could not load file or assembly 'Microsoft.EntityFrameworkCore, Version=1.1.6.0, Culture=neutral, PublicKeyToken=adb9793829ddae60' or one of its dependencies. assembly:Microsoft.EntityFrameworkCore, Version=1.1.6.0, Culture=neutral, PublicKeyToken=adb9793829ddae60 type:<unknown type> member:(null) signature:<none>
Unloading broken assembly Assets/Plugins/v4.5.2/Microsoft.EntityFrameworkCore.Relational.Design.dll, this assembly can cause crashes in the runtime
Unloading broken assembly Assets/Plugins/v4.5.2/MySQL.Data.EntityFrameworkCore.Design.dll, this assembly can cause crashes in the runtime
Unloading broken assembly Assets/Plugins/v4.5.2/MySql.Web.dll, this assembly can cause crashes in the runtime
Unloading broken assembly Assets/Plugins/v4.5.2/MySQL.Data.EntityFrameworkCore.dll, this assembly can cause crashes in the runtime
Unloading broken assembly Assets/Plugins/v4.5.2/MySql.Data.EntityFramework.dll, this assembly can cause crashes in the runtime
Native extension for WindowsStandalone target not found
Native extension for WebGL target not found
Refreshing native plugins compatible for Editor in 1.64 ms, found 2 plugins.
Preloading 0 native plugins for Editor in 0.00 ms.
Mono: successfully reloaded assembly
- Completed reload, in  1.892 seconds
Domain Reload Profiling:
	ReloadAssembly (1894ms)
		BeginReloadAssembly (170ms)
			ExecutionOrderSort (0ms)
			DisableScriptedObjects (15ms)
			BackupInstance (0ms)
			ReleaseScriptingObjects (0ms)
			CreateAndSetChildDomain (42ms)
		EndReloadAssembly (1629ms)
			LoadAssemblies (160ms)
			RebuildTransferFunctionScriptingTraits (0ms)
			SetupTypeCache (528ms)
			ReleaseScriptCaches (1ms)
			RebuildScriptCaches (77ms)
			SetupLoadedEditorAssemblies (624ms)
				LogAssemblyErrors (0ms)
				InitializePlatformSupportModulesInManaged (9ms)
				SetLoadedEditorAssemblies (2ms)
				RefreshPlugins (2ms)
				BeforeProcessingInitializeOnLoad (165ms)
				ProcessInitializeOnLoadAttributes (354ms)
				ProcessInitializeOnLoadMethodAttributes (82ms)
				AfterProcessingInitializeOnLoad (10ms)
				EditorAssembliesLoaded (0ms)
			ExecutionOrderSort2 (0ms)
			AwakeInstancesAfterBackupRestoration (12ms)
Platform modules already initialized, skipping
Refreshing native plugins compatible for Editor in 1.10 ms, found 2 plugins.
Preloading 0 native plugins for Editor in 0.00 ms.
Unloading 2151 Unused Serialized files (Serialized files now loaded: 0)
System memory in use before: 86.3 MB.
System memory in use after: 86.4 MB.

Unloading 59 unused Assets to reduce memory usage. Loaded Objects now: 2569.
Total: 7.355900 ms (FindLiveObjects: 0.188900 ms CreateObjectMapping: 0.096400 ms MarkObjects: 7.027200 ms  DeleteObjects: 0.042000 ms)

AssetImportParameters requested are different than current active one (requested -> active):
  custom:framework-win-MediaFoundation: 216162199b28c13a410421893ffa2e32 -> 
  custom:video-decoder-ogg-theora: a1e56fd34408186e4bbccfd4996cb3dc -> 
  custom:container-muxer-webm: aa71ff27fc2769a1b78a27578f13a17b -> 
  custom:container-demuxer-webm: 4f35f7cbe854078d1ac9338744f61a02 -> 
  custom:container-demuxer-ogg: 62fdf1f143b41e24485cea50d1cbac27 -> 
  custom:video-encoder-webm-vp8: eb34c28f22e8b96e1ab97ce403110664 -> 
  custom:video-decoder-webm-vp8: 9c59270c3fd7afecdb556c50c9e8de78 -> 
  custom:audio-decoder-ogg-vorbis: bf7c407c2cedff20999df2af8eb42d56 -> 
  custom:audio-encoder-webm-vorbis: bf7c407c2cedff20999df2af8eb42d56 -> 
AssetImportWorkerClient::OnTransportError - code=2 error=End of file
